<?xml version="1.0" encoding="UTF-8"?>
<testsuites name="Suite_catch" time="36" tests="5" failures="0" errors="0">
   <testsuite name="Suite_catch" tests="5" failures="0" errors="0" time="36" timestamp="2018-09-20 13:20:55" hostname="stagiaire - WINIB-PPSA45UJK" id="Test Suites/Suite_catch">
      <properties>
         <property name="deviceName" value=""/>
         <property name="devicePlatform" value=""/>
         <property name="logFolder" value="C:\\Users\\stagiaire\\git\\Katalon-googleTest\\Reports\\Suite_catch\\20180920_132050"/>
         <property name="logFiles" value="C:\\Users\\stagiaire\\git\\Katalon-googleTest\\Reports\\Suite_catch\\20180920_132050\\execution0.log"/>
         <property name="attachments" value=""/>
         <property name="hostName" value="stagiaire - WINIB-PPSA45UJK"/>
         <property name="os" value="Windows 10 64bit"/>
         <property name="katalonVersion" value="5.7.1.1"/>
         <property name="browser" value="Firefox 62.0"/>
         <property name="hostAddress" value="192.168.56.1"/>
         <property name="sessionId" value="28250cca-389c-49fe-9e70-8637f7f41798"/>
         <property name="seleniumVersion" value="3.7.1"/>
         <property name="proxyInformation" value="ProxyInformation{proxyOption=NO_PROXY, proxyServerType=HTTP, password=, proxyServerAddress=, proxyServerPort=0}"/>
         <property name="platform" value="Windows 10"/>
      </properties>
      <testcase name="Test Cases/testGoogle-catchexception" classname="Test Cases/testGoogle-catchexception" status="PASSED">
         <system-out><![CDATA[2018-09-20 13:20:56 - [TEST_CASE][PASSED] - Test Cases/testGoogle-catchexception: Test Cases/testGoogle-catchexception

2018-09-20 13:20:56 - [TEST_STEP][PASSED] - openBrowser: Browser is opened with url: ''

2018-09-20 13:21:01 - [MESSAGE][PASSED] - Browser is opened with url: ''

2018-09-20 13:21:01 - [TEST_STEP][PASSED] - navigateToUrl: Navigate to 'https://www.google.fr/' successfully

2018-09-20 13:21:02 - [MESSAGE][PASSED] - Navigate to 'https://www.google.fr/' successfully

2018-09-20 13:21:02 - [TEST_STEP][PASSED] - setText: Text 'France' is set on object 'Object Repository/Page_Google/input_TextSearch'

2018-09-20 13:21:02 - [MESSAGE][PASSED] - Text 'France' is set on object 'Object Repository/Page_Google/input_TextSearch'

2018-09-20 13:21:02 - [TEST_STEP][PASSED] - Statement - Try: Object: 'Object Repository/Page_Google/button_Search_Drop' is clicked on

2018-09-20 13:21:02 - [TEST_STEP][PASSED] - click: Object: 'Object Repository/Page_Google/button_Search_Drop' is clicked on

2018-09-20 13:21:04 - [MESSAGE][PASSED] - Object: 'Object Repository/Page_Google/button_Search_Drop' is clicked on

2018-09-20 13:21:04 - [TEST_STEP][PASSED] - verifyElementText: Actual text and expected text of test object 'Object Repository/Page_SearchResults/Result1' are matched.

2018-09-20 13:21:04 - [MESSAGE][PASSED] - Actual text and expected text of test object 'Object Repository/Page_SearchResults/Result1' are matched.

2018-09-20 13:21:04 - [TEST_STEP][PASSED] - closeBrowser: Browser is closed

2018-09-20 13:21:04 - [MESSAGE][PASSED] - Browser is closed]]></system-out>
         <system-err><![CDATA[]]></system-err>
      </testcase>
      <testcase name="Test Cases/testGoogle-catchexception" classname="Test Cases/testGoogle-catchexception" status="PASSED">
         <system-out><![CDATA[2018-09-20 13:21:04 - [TEST_CASE][PASSED] - Test Cases/testGoogle-catchexception: Test Cases/testGoogle-catchexception

2018-09-20 13:21:04 - [TEST_STEP][PASSED] - openBrowser: Browser is opened with url: ''

2018-09-20 13:21:08 - [MESSAGE][PASSED] - Browser is opened with url: ''

2018-09-20 13:21:08 - [TEST_STEP][PASSED] - navigateToUrl: Navigate to 'https://www.google.fr/' successfully

2018-09-20 13:21:09 - [MESSAGE][PASSED] - Navigate to 'https://www.google.fr/' successfully

2018-09-20 13:21:09 - [TEST_STEP][PASSED] - setText: Text 'France' is set on object 'Object Repository/Page_Google/input_TextSearch'

2018-09-20 13:21:09 - [MESSAGE][PASSED] - Text 'France' is set on object 'Object Repository/Page_Google/input_TextSearch'

2018-09-20 13:21:09 - [TEST_STEP][PASSED] - Statement - Try: Object: 'Object Repository/Page_Google/button_Search_Drop' is clicked on

2018-09-20 13:21:09 - [TEST_STEP][PASSED] - click: Object: 'Object Repository/Page_Google/button_Search_Drop' is clicked on

2018-09-20 13:21:11 - [MESSAGE][PASSED] - Object: 'Object Repository/Page_Google/button_Search_Drop' is clicked on

2018-09-20 13:21:11 - [TEST_STEP][PASSED] - verifyElementText: Actual text and expected text of test object 'Object Repository/Page_SearchResults/Result1' are matched.

2018-09-20 13:21:11 - [MESSAGE][PASSED] - Actual text and expected text of test object 'Object Repository/Page_SearchResults/Result1' are matched.

2018-09-20 13:21:11 - [TEST_STEP][PASSED] - closeBrowser: Browser is closed

2018-09-20 13:21:11 - [MESSAGE][PASSED] - Browser is closed]]></system-out>
         <system-err><![CDATA[]]></system-err>
      </testcase>
      <testcase name="Test Cases/testGoogle-catchexception" classname="Test Cases/testGoogle-catchexception" status="PASSED">
         <system-out><![CDATA[2018-09-20 13:21:11 - [TEST_CASE][PASSED] - Test Cases/testGoogle-catchexception: Test Cases/testGoogle-catchexception

2018-09-20 13:21:11 - [TEST_STEP][PASSED] - openBrowser: Browser is opened with url: ''

2018-09-20 13:21:15 - [MESSAGE][PASSED] - Browser is opened with url: ''

2018-09-20 13:21:15 - [TEST_STEP][PASSED] - navigateToUrl: Navigate to 'https://www.google.fr/' successfully

2018-09-20 13:21:16 - [MESSAGE][PASSED] - Navigate to 'https://www.google.fr/' successfully

2018-09-20 13:21:16 - [TEST_STEP][PASSED] - setText: Text 'France' is set on object 'Object Repository/Page_Google/input_TextSearch'

2018-09-20 13:21:16 - [MESSAGE][PASSED] - Text 'France' is set on object 'Object Repository/Page_Google/input_TextSearch'

2018-09-20 13:21:16 - [TEST_STEP][PASSED] - Statement - Try: Object: 'Object Repository/Page_Google/button_Search_Drop' is clicked on

2018-09-20 13:21:16 - [TEST_STEP][PASSED] - click: Object: 'Object Repository/Page_Google/button_Search_Drop' is clicked on

2018-09-20 13:21:18 - [MESSAGE][PASSED] - Object: 'Object Repository/Page_Google/button_Search_Drop' is clicked on

2018-09-20 13:21:18 - [TEST_STEP][PASSED] - verifyElementText: Actual text and expected text of test object 'Object Repository/Page_SearchResults/Result1' are matched.

2018-09-20 13:21:18 - [MESSAGE][PASSED] - Actual text and expected text of test object 'Object Repository/Page_SearchResults/Result1' are matched.

2018-09-20 13:21:18 - [TEST_STEP][PASSED] - closeBrowser: Browser is closed

2018-09-20 13:21:18 - [MESSAGE][PASSED] - Browser is closed]]></system-out>
         <system-err><![CDATA[]]></system-err>
      </testcase>
      <testcase name="Test Cases/testGoogle-catchexception" classname="Test Cases/testGoogle-catchexception" status="PASSED">
         <system-out><![CDATA[2018-09-20 13:21:18 - [TEST_CASE][PASSED] - Test Cases/testGoogle-catchexception: Test Cases/testGoogle-catchexception

2018-09-20 13:21:18 - [TEST_STEP][PASSED] - openBrowser: Browser is opened with url: ''

2018-09-20 13:21:22 - [MESSAGE][PASSED] - Browser is opened with url: ''

2018-09-20 13:21:22 - [TEST_STEP][PASSED] - navigateToUrl: Navigate to 'https://www.google.fr/' successfully

2018-09-20 13:21:23 - [MESSAGE][PASSED] - Navigate to 'https://www.google.fr/' successfully

2018-09-20 13:21:23 - [TEST_STEP][PASSED] - setText: Text 'France' is set on object 'Object Repository/Page_Google/input_TextSearch'

2018-09-20 13:21:23 - [MESSAGE][PASSED] - Text 'France' is set on object 'Object Repository/Page_Google/input_TextSearch'

2018-09-20 13:21:23 - [TEST_STEP][PASSED] - Statement - Try: Object: 'Object Repository/Page_Google/button_Search_Drop' is clicked on

2018-09-20 13:21:23 - [TEST_STEP][PASSED] - click: Object: 'Object Repository/Page_Google/button_Search_Drop' is clicked on

2018-09-20 13:21:25 - [MESSAGE][PASSED] - Object: 'Object Repository/Page_Google/button_Search_Drop' is clicked on

2018-09-20 13:21:25 - [TEST_STEP][PASSED] - verifyElementText: Actual text and expected text of test object 'Object Repository/Page_SearchResults/Result1' are matched.

2018-09-20 13:21:25 - [MESSAGE][PASSED] - Actual text and expected text of test object 'Object Repository/Page_SearchResults/Result1' are matched.

2018-09-20 13:21:25 - [TEST_STEP][PASSED] - closeBrowser: Browser is closed

2018-09-20 13:21:25 - [MESSAGE][PASSED] - Browser is closed]]></system-out>
         <system-err><![CDATA[]]></system-err>
      </testcase>
      <testcase name="Test Cases/testGoogle-catchexception" classname="Test Cases/testGoogle-catchexception" status="PASSED">
         <system-out><![CDATA[2018-09-20 13:21:25 - [TEST_CASE][PASSED] - Test Cases/testGoogle-catchexception: Test Cases/testGoogle-catchexception

2018-09-20 13:21:25 - [TEST_STEP][PASSED] - openBrowser: Browser is opened with url: ''

2018-09-20 13:21:29 - [MESSAGE][PASSED] - Browser is opened with url: ''

2018-09-20 13:21:29 - [TEST_STEP][PASSED] - navigateToUrl: Navigate to 'https://www.google.fr/' successfully

2018-09-20 13:21:30 - [MESSAGE][PASSED] - Navigate to 'https://www.google.fr/' successfully

2018-09-20 13:21:30 - [TEST_STEP][PASSED] - setText: Text 'France' is set on object 'Object Repository/Page_Google/input_TextSearch'

2018-09-20 13:21:30 - [MESSAGE][PASSED] - Text 'France' is set on object 'Object Repository/Page_Google/input_TextSearch'

2018-09-20 13:21:30 - [TEST_STEP][PASSED] - Statement - Try: Object: 'Object Repository/Page_Google/button_Search_Drop' is clicked on

2018-09-20 13:21:30 - [TEST_STEP][PASSED] - click: Object: 'Object Repository/Page_Google/button_Search_Drop' is clicked on

2018-09-20 13:21:32 - [MESSAGE][PASSED] - Object: 'Object Repository/Page_Google/button_Search_Drop' is clicked on

2018-09-20 13:21:32 - [TEST_STEP][PASSED] - verifyElementText: Actual text and expected text of test object 'Object Repository/Page_SearchResults/Result1' are matched.

2018-09-20 13:21:32 - [MESSAGE][PASSED] - Actual text and expected text of test object 'Object Repository/Page_SearchResults/Result1' are matched.

2018-09-20 13:21:32 - [TEST_STEP][PASSED] - closeBrowser: Browser is closed

2018-09-20 13:21:32 - [MESSAGE][PASSED] - Browser is closed]]></system-out>
         <system-err><![CDATA[]]></system-err>
      </testcase>
      <system-out><![CDATA[2018-09-20 13:20:55 - [TEST_SUITE][PASSED] - Suite_catch: Test Cases/testGoogle-catchexception]]></system-out>
      <system-err><![CDATA[]]></system-err>
   </testsuite>
</testsuites>
